<?xml version="1.0" encoding="UTF-8"?>
<!-- Generated by org.testng.reporters.JUnitXMLReporter -->
<testsuite ignored="0" hostname="DESKTOP-8UK5MOB" failures="1" tests="3" name="Chrome Test" time="70.379" errors="0" timestamp="03 Sep 2020 19:38:47 GMT">
  <testcase classname="useful.ExtentReportTest" name="test1_validLoginTest" time="8.838">
    <failure type="java.lang.AssertionError" message="expected [All Course] but found [Login]">
      <![CDATA[java.lang.AssertionError: expected [All Course] but found [Login]
at useful.ExtentReportTest.test1_validLoginTest(ExtentReportTest.java:70)
... Removed 31 stack frames]]>
    </failure>
  </testcase> <!-- test1_validLoginTest -->
  <testcase classname="useful.ExtentReportTest1" name="test1_validLoginTest" time="12.739"/>
  <testcase classname="useful.ExtentReportTest2" name="test1_validLoginTest" time="12.122"/>
</testsuite> <!-- Chrome Test -->
